<?xml version="1.0" encoding="UTF-8"?>
<!-- Generated by org.testng.reporters.JUnitReportReporter -->
<testsuite skipped="0" hostname="AIPL-SEZ-LT-07" name="com.test.testng.programs.ExecutionOrder" tests="1" failures="0" timestamp="15 Dec 2017 09:35:47 GMT" time="0.030" errors="0">
  <testcase name="executionOrder" time="0.030" classname="com.test.testng.programs.ExecutionOrder"/>
</testsuite> <!-- com.test.testng.programs.ExecutionOrder -->
